2018-07-27 10:37:33.042 - INFO  [  restartedMain] o.s.b.StartupInfoLogger        : Starting FoodtracesystemApplication on tuoliandeMacBook-Pro.local with PID 5386 (/Users/tuolian/trace/reConstruct/reConstructSystem/target/classes started by tuolian in /Users/tuolian/trace/reConstruct/reConstructSystem)
2018-07-27 10:37:33.048 - INFO  [  restartedMain] o.s.b.SpringApplication        : No active profile set, falling back to default profiles: default
2018-07-27 10:37:33.097 - INFO  [  restartedMain] c.s.AbstractApplicationContext : Refreshing org.springframework.boot.web.servlet.context.AnnotationConfigServletWebServerApplicationContext@7406f88c: startup date [Fri Jul 27 10:37:33 CST 2018]; root of context hierarchy
2018-07-27 10:37:34.478 - INFO  [  restartedMain] egate$BeanPostProcessorChecker : Bean 'org.springframework.transaction.annotation.ProxyTransactionManagementConfiguration' of type [org.springframework.transaction.annotation.ProxyTransactionManagementConfiguration$$EnhancerBySpringCGLIB$$5f955633] is not eligible for getting processed by all BeanPostProcessors (for example: not eligible for auto-proxying)
2018-07-27 10:37:34.955 - INFO  [  restartedMain] o.s.b.w.e.t.TomcatWebServer    : Tomcat initialized with port(s): 8081 (http)
2018-07-27 10:37:34.971 - INFO  [  restartedMain] o.a.j.l.DirectJDKLog           : Initializing ProtocolHandler ["http-nio-8081"]
2018-07-27 10:37:34.982 - INFO  [  restartedMain] o.a.j.l.DirectJDKLog           : Starting service [Tomcat]
2018-07-27 10:37:34.983 - INFO  [  restartedMain] o.a.j.l.DirectJDKLog           : Starting Servlet Engine: Apache Tomcat/8.5.29
2018-07-27 10:37:34.992 - INFO  [ost-startStop-1] o.a.j.l.DirectJDKLog           : The APR based Apache Tomcat Native library which allows optimal performance in production environments was not found on the java.library.path: [/Users/tuolian/Library/Java/Extensions:/Library/Java/Extensions:/Network/Library/Java/Extensions:/System/Library/Java/Extensions:/usr/lib/java:.]
2018-07-27 10:37:35.082 - INFO  [ost-startStop-1] o.a.j.l.DirectJDKLog           : Initializing Spring embedded WebApplicationContext
2018-07-27 10:37:35.082 - INFO  [ost-startStop-1] letWebServerApplicationContext : Root WebApplicationContext: initialization completed in 1988 ms
2018-07-27 10:37:35.225 - INFO  [ost-startStop-1] AbstractFilterRegistrationBean : Mapping filter: 'characterEncodingFilter' to: [/*]
2018-07-27 10:37:35.225 - INFO  [ost-startStop-1] AbstractFilterRegistrationBean : Mapping filter: 'hiddenHttpMethodFilter' to: [/*]
2018-07-27 10:37:35.226 - INFO  [ost-startStop-1] AbstractFilterRegistrationBean : Mapping filter: 'httpPutFormContentFilter' to: [/*]
2018-07-27 10:37:35.226 - INFO  [ost-startStop-1] AbstractFilterRegistrationBean : Mapping filter: 'requestContextFilter' to: [/*]
2018-07-27 10:37:35.227 - INFO  [ost-startStop-1] AbstractFilterRegistrationBean : Mapping filter: 'springSecurityFilterChain' to: [/*]
2018-07-27 10:37:35.227 - INFO  [ost-startStop-1] .b.w.s.ServletRegistrationBean : Servlet dispatcherServlet mapped to [/]
2018-07-27 10:37:35.389 - INFO  [  restartedMain] c.z.h.HikariDataSource         : HikariPool-1 - Starting...
2018-07-27 10:37:35.640 - INFO  [  restartedMain] c.z.h.HikariDataSource         : HikariPool-1 - Start completed.
2018-07-27 10:37:35.685 - INFO  [  restartedMain] tainerEntityManagerFactoryBean : Building JPA container EntityManagerFactory for persistence unit 'default'
2018-07-27 10:37:35.703 - INFO  [  restartedMain] o.h.j.i.u.LogHelper            : HHH000204: Processing PersistenceUnitInfo [
	name: default
	...]
2018-07-27 10:37:35.786 - INFO  [  restartedMain] o.h.Version                    : HHH000412: Hibernate Core {5.2.16.Final}
2018-07-27 10:37:35.787 - INFO  [  restartedMain] o.h.c.Environment              : HHH000206: hibernate.properties not found
2018-07-27 10:37:35.831 - INFO  [  restartedMain] .a.c.r.j.JavaReflectionManager : HCANN000001: Hibernate Commons Annotations {5.0.1.Final}
2018-07-27 10:37:35.988 - INFO  [  restartedMain] o.h.d.Dialect                  : HHH000400: Using dialect: org.hibernate.dialect.MySQL5Dialect
2018-07-27 10:37:36.867 - INFO  [  restartedMain] stractEntityManagerFactoryBean : Initialized JPA EntityManagerFactory for persistence unit 'default'
2018-07-27 10:37:37.963 - INFO  [  restartedMain] s.w.DefaultSecurityFilterChain : Creating filter chain: Ant [pattern='/resources/**'], []
2018-07-27 10:37:37.963 - INFO  [  restartedMain] s.w.DefaultSecurityFilterChain : Creating filter chain: Ant [pattern='/static/**'], []
2018-07-27 10:37:37.963 - INFO  [  restartedMain] s.w.DefaultSecurityFilterChain : Creating filter chain: Ant [pattern='/css/**'], []
2018-07-27 10:37:37.964 - INFO  [  restartedMain] s.w.DefaultSecurityFilterChain : Creating filter chain: Ant [pattern='/js/**'], []
2018-07-27 10:37:37.964 - INFO  [  restartedMain] s.w.DefaultSecurityFilterChain : Creating filter chain: Ant [pattern='/images/**'], []
2018-07-27 10:37:38.040 - INFO  [  restartedMain] s.w.DefaultSecurityFilterChain : Creating filter chain: org.springframework.security.web.util.matcher.AnyRequestMatcher@1, [org.springframework.security.web.context.request.async.WebAsyncManagerIntegrationFilter@17568d06, org.springframework.security.web.context.SecurityContextPersistenceFilter@69b552da, org.springframework.security.web.header.HeaderWriterFilter@65fb3e4b, org.springframework.security.web.authentication.logout.LogoutFilter@6c78df99, org.springframework.security.web.authentication.UsernamePasswordAuthenticationFilter@7f0eb5e8, org.springframework.security.web.savedrequest.RequestCacheAwareFilter@46ac8499, org.springframework.security.web.servletapi.SecurityContextHolderAwareRequestFilter@4e83d04, org.springframework.security.web.authentication.AnonymousAuthenticationFilter@204afb17, org.springframework.security.web.session.SessionManagementFilter@7209d623, org.springframework.security.web.access.ExceptionTranslationFilter@72a48cb9, org.springframework.security.web.access.intercept.FilterSecurityInterceptor@76cc6665]
2018-07-27 10:37:38.128 - INFO  [  restartedMain] .s.h.AbstractUrlHandlerMapping : Mapped URL path [/**/favicon.ico] onto handler of type [class org.springframework.web.servlet.resource.ResourceHttpRequestHandler]
2018-07-27 10:37:38.301 - INFO  [  restartedMain] a.RequestMappingHandlerAdapter : Looking for @ControllerAdvice: org.springframework.boot.web.servlet.context.AnnotationConfigServletWebServerApplicationContext@7406f88c: startup date [Fri Jul 27 10:37:33 CST 2018]; root of context hierarchy
2018-07-27 10:37:38.349 - WARN  [  restartedMain] uration$JpaWebMvcConfiguration : spring.jpa.open-in-view is enabled by default. Therefore, database queries may be performed during view rendering. Explicitly configure spring.jpa.open-in-view to disable this warning
2018-07-27 10:37:38.388 - INFO  [  restartedMain] rMethodMapping$MappingRegistry : Mapped "{[/cooperator/farmerMan],methods=[GET]}" onto public org.springframework.web.servlet.ModelAndView com.yj.foodtracesystem.controller.CooperatorController.home()
2018-07-27 10:37:38.389 - INFO  [  restartedMain] rMethodMapping$MappingRegistry : Mapped "{[/cooperator/orderMan],methods=[GET]}" onto public org.springframework.web.servlet.ModelAndView com.yj.foodtracesystem.controller.CooperatorController.orderMan() throws java.lang.Exception
2018-07-27 10:37:38.390 - INFO  [  restartedMain] rMethodMapping$MappingRegistry : Mapped "{[/cooperator/coopMan],methods=[GET]}" onto public org.springframework.web.servlet.ModelAndView com.yj.foodtracesystem.controller.CooperatorController.coopMan()
2018-07-27 10:37:38.390 - INFO  [  restartedMain] rMethodMapping$MappingRegistry : Mapped "{[/cooperator/addOrder],methods=[POST]}" onto public org.springframework.web.servlet.ModelAndView com.yj.foodtracesystem.controller.CooperatorController.addOrder(com.yj.foodtracesystem.model.OperationOrderInfo) throws java.lang.Exception
2018-07-27 10:37:38.391 - INFO  [  restartedMain] rMethodMapping$MappingRegistry : Mapped "{[/cooperator/addFarmer],methods=[POST]}" onto public org.springframework.web.servlet.ModelAndView com.yj.foodtracesystem.controller.CooperatorController.addFarmer(com.yj.foodtracesystem.model.User)
2018-07-27 10:37:38.391 - INFO  [  restartedMain] rMethodMapping$MappingRegistry : Mapped "{[/cooperator/queryFarmerById],methods=[POST]}" onto public org.springframework.web.servlet.ModelAndView com.yj.foodtracesystem.controller.CooperatorController.queryFarmerById(com.yj.foodtracesystem.model.User)
2018-07-27 10:37:38.391 - INFO  [  restartedMain] rMethodMapping$MappingRegistry : Mapped "{[/cooperator/queryFarmerByTime],methods=[POST]}" onto public org.springframework.web.servlet.ModelAndView com.yj.foodtracesystem.controller.CooperatorController.queryFarmerByTime(com.yj.foodtracesystem.model.TempModel.QueryPara)
2018-07-27 10:37:38.392 - INFO  [  restartedMain] rMethodMapping$MappingRegistry : Mapped "{[/cooperator/viewComInfo],methods=[POST]}" onto public org.springframework.web.servlet.ModelAndView com.yj.foodtracesystem.controller.CooperatorController.viewComInfo(com.yj.foodtracesystem.model.ComInfo)
2018-07-27 10:37:38.392 - INFO  [  restartedMain] rMethodMapping$MappingRegistry : Mapped "{[/cooperator/queryComInfoById],methods=[POST]}" onto public org.springframework.web.servlet.ModelAndView com.yj.foodtracesystem.controller.CooperatorController.queryComInfoById(com.yj.foodtracesystem.model.ComInfo)
2018-07-27 10:37:38.392 - INFO  [  restartedMain] rMethodMapping$MappingRegistry : Mapped "{[/cooperator/productMan],methods=[GET]}" onto public org.springframework.web.servlet.ModelAndView com.yj.foodtracesystem.controller.CooperatorController.productMan()
2018-07-27 10:37:38.393 - INFO  [  restartedMain] rMethodMapping$MappingRegistry : Mapped "{[/cooperator/addProduct],methods=[POST]}" onto public org.springframework.web.servlet.ModelAndView com.yj.foodtracesystem.controller.CooperatorController.addProduct(com.yj.foodtracesystem.model.ProductInfo)
2018-07-27 10:37:38.393 - INFO  [  restartedMain] rMethodMapping$MappingRegistry : Mapped "{[/cooperator/queryProInfoById],methods=[POST]}" onto public org.springframework.web.servlet.ModelAndView com.yj.foodtracesystem.controller.CooperatorController.queryProInfoById(com.yj.foodtracesystem.model.ProductInfo)
2018-07-27 10:37:38.393 - INFO  [  restartedMain] rMethodMapping$MappingRegistry : Mapped "{[/cooperator/proInfoByTime],methods=[POST]}" onto public org.springframework.web.servlet.ModelAndView com.yj.foodtracesystem.controller.CooperatorController.proInfoByTime(com.yj.foodtracesystem.model.TempModel.QueryPara)
2018-07-27 10:37:38.394 - INFO  [  restartedMain] rMethodMapping$MappingRegistry : Mapped "{[/cooperator/productBachMan],methods=[GET]}" onto public org.springframework.web.servlet.ModelAndView com.yj.foodtracesystem.controller.CooperatorController.productBachMan()
2018-07-27 10:37:38.394 - INFO  [  restartedMain] rMethodMapping$MappingRegistry : Mapped "{[/cooperator/addProductBachInfo],methods=[POST]}" onto public org.springframework.web.servlet.ModelAndView com.yj.foodtracesystem.controller.CooperatorController.addProductBachInfo(com.yj.foodtracesystem.model.ProductBatchInfo)
2018-07-27 10:37:38.394 - INFO  [  restartedMain] rMethodMapping$MappingRegistry : Mapped "{[/cooperator/proBachInfoByTime],methods=[POST]}" onto public org.springframework.web.servlet.ModelAndView com.yj.foodtracesystem.controller.CooperatorController.proBachInfoByTime(com.yj.foodtracesystem.model.TempModel.QueryPara)
2018-07-27 10:37:38.395 - INFO  [  restartedMain] rMethodMapping$MappingRegistry : Mapped "{[/cooperator/creatQRCode],methods=[POST]}" onto public org.springframework.web.servlet.ModelAndView com.yj.foodtracesystem.controller.CooperatorController.testQRCode(com.yj.foodtracesystem.model.ProductInfo)
2018-07-27 10:37:38.401 - INFO  [  restartedMain] rMethodMapping$MappingRegistry : Mapped "{[/farmer/filedMan],methods=[GET]}" onto public org.springframework.web.servlet.ModelAndView com.yj.foodtracesystem.controller.FarmerController.filedMan()
2018-07-27 10:37:38.401 - INFO  [  restartedMain] rMethodMapping$MappingRegistry : Mapped "{[/farmer/seedMan],methods=[GET]}" onto public org.springframework.web.servlet.ModelAndView com.yj.foodtracesystem.controller.FarmerController.seedMan()
2018-07-27 10:37:38.401 - INFO  [  restartedMain] rMethodMapping$MappingRegistry : Mapped "{[/farmer/updateOrder],methods=[POST]}" onto public org.springframework.web.servlet.ModelAndView com.yj.foodtracesystem.controller.FarmerController.updateOrder(com.yj.foodtracesystem.model.OperationOrderInfo) throws java.lang.Exception
2018-07-27 10:37:38.402 - INFO  [  restartedMain] rMethodMapping$MappingRegistry : Mapped "{[/farmer/querySeedInfoByTime],methods=[POST]}" onto public org.springframework.web.servlet.ModelAndView com.yj.foodtracesystem.controller.FarmerController.querySeedInfoByTime(com.yj.foodtracesystem.model.TempModel.OperationHerPara) throws java.lang.Exception
2018-07-27 10:37:38.402 - INFO  [  restartedMain] rMethodMapping$MappingRegistry : Mapped "{[/farmer/querySeedInfoById],methods=[POST]}" onto public org.springframework.web.servlet.ModelAndView com.yj.foodtracesystem.controller.FarmerController.querySeedInfoById(com.yj.foodtracesystem.model.TempModel.OperationHerPara) throws java.lang.Exception
2018-07-27 10:37:38.402 - INFO  [  restartedMain] rMethodMapping$MappingRegistry : Mapped "{[/farmer/addSeedInfo],methods=[POST]}" onto public org.springframework.web.servlet.ModelAndView com.yj.foodtracesystem.controller.FarmerController.addSeedInfo(com.yj.foodtracesystem.model.SeedInfo) throws java.lang.Exception
2018-07-27 10:37:38.402 - INFO  [  restartedMain] rMethodMapping$MappingRegistry : Mapped "{[/farmer/fertilizerMan],methods=[GET]}" onto public org.springframework.web.servlet.ModelAndView com.yj.foodtracesystem.controller.FarmerController.fertilizerMan()
2018-07-27 10:37:38.403 - INFO  [  restartedMain] rMethodMapping$MappingRegistry : Mapped "{[/farmer/addFertilizerInfo],methods=[POST]}" onto public org.springframework.web.servlet.ModelAndView com.yj.foodtracesystem.controller.FarmerController.addFertilizerInfo(com.yj.foodtracesystem.model.FertilizerInfo) throws java.lang.Exception
2018-07-27 10:37:38.403 - INFO  [  restartedMain] rMethodMapping$MappingRegistry : Mapped "{[/farmer/queryFertilizerInfoByTime],methods=[POST]}" onto public org.springframework.web.servlet.ModelAndView com.yj.foodtracesystem.controller.FarmerController.queryFertilizerInfoByTime(com.yj.foodtracesystem.model.TempModel.OperationHerPara) throws java.lang.Exception
2018-07-27 10:37:38.403 - INFO  [  restartedMain] rMethodMapping$MappingRegistry : Mapped "{[/farmer/queryFertilizerInfoById],methods=[POST]}" onto public org.springframework.web.servlet.ModelAndView com.yj.foodtracesystem.controller.FarmerController.queryFertilizerInfoById(com.yj.foodtracesystem.model.TempModel.OperationHerPara) throws java.lang.Exception
2018-07-27 10:37:38.403 - INFO  [  restartedMain] rMethodMapping$MappingRegistry : Mapped "{[/farmer/pesticideMan],methods=[GET]}" onto public org.springframework.web.servlet.ModelAndView com.yj.foodtracesystem.controller.FarmerController.pesticideMan()
2018-07-27 10:37:38.404 - INFO  [  restartedMain] rMethodMapping$MappingRegistry : Mapped "{[/farmer/addPesticideInfo],methods=[POST]}" onto public org.springframework.web.servlet.ModelAndView com.yj.foodtracesystem.controller.FarmerController.addPesticideInfo(com.yj.foodtracesystem.model.PesticideInfo) throws java.lang.Exception
2018-07-27 10:37:38.404 - INFO  [  restartedMain] rMethodMapping$MappingRegistry : Mapped "{[/farmer/queryPesticideInfoByTime],methods=[POST]}" onto public org.springframework.web.servlet.ModelAndView com.yj.foodtracesystem.controller.FarmerController.queryPesticideInfoByTime(com.yj.foodtracesystem.model.TempModel.OperationHerPara) throws java.lang.Exception
2018-07-27 10:37:38.404 - INFO  [  restartedMain] rMethodMapping$MappingRegistry : Mapped "{[/farmer/queryPesticideInfoById],methods=[POST]}" onto public org.springframework.web.servlet.ModelAndView com.yj.foodtracesystem.controller.FarmerController.queryPesticideInfoById(com.yj.foodtracesystem.model.TempModel.OperationHerPara) throws java.lang.Exception
2018-07-27 10:37:38.405 - INFO  [  restartedMain] rMethodMapping$MappingRegistry : Mapped "{[/farmer/queryFiledInfoByTime],methods=[POST]}" onto public org.springframework.web.servlet.ModelAndView com.yj.foodtracesystem.controller.FarmerController.queryFiledInfoByTime(com.yj.foodtracesystem.model.TempModel.OperationHisPara) throws java.lang.Exception
2018-07-27 10:37:38.405 - INFO  [  restartedMain] rMethodMapping$MappingRegistry : Mapped "{[/farmer/queryFiledInfoById],methods=[POST]}" onto public org.springframework.web.servlet.ModelAndView com.yj.foodtracesystem.controller.FarmerController.queryFiledInfoById(com.yj.foodtracesystem.model.TempModel.OperationHisPara) throws java.lang.Exception
2018-07-27 10:37:38.406 - INFO  [  restartedMain] rMethodMapping$MappingRegistry : Mapped "{[/farmer/addFiledInfo],methods=[POST]}" onto public org.springframework.web.servlet.ModelAndView com.yj.foodtracesystem.controller.FarmerController.addFiledInfo(com.yj.foodtracesystem.model.FiledInfo) throws java.lang.Exception
2018-07-27 10:37:38.406 - INFO  [  restartedMain] rMethodMapping$MappingRegistry : Mapped "{[/farmer/cultMan],methods=[GET]}" onto public org.springframework.web.servlet.ModelAndView com.yj.foodtracesystem.controller.FarmerController.culMan(javax.servlet.http.HttpSession) throws java.lang.Exception
2018-07-27 10:37:38.406 - INFO  [  restartedMain] rMethodMapping$MappingRegistry : Mapped "{[/farmer/addFiledOpera],methods=[POST]}" onto public org.springframework.web.servlet.ModelAndView com.yj.foodtracesystem.controller.FarmerController.addFiledOpera(com.yj.foodtracesystem.model.FiledOperation) throws java.lang.Exception
2018-07-27 10:37:38.407 - INFO  [  restartedMain] rMethodMapping$MappingRegistry : Mapped "{[/farmer/queryHisCoop],methods=[POST]}" onto public org.springframework.web.servlet.ModelAndView com.yj.foodtracesystem.controller.FarmerController.queryHisCoop(com.yj.foodtracesystem.model.TempModel.OperationHisPara) throws java.lang.Exception
2018-07-27 10:37:38.407 - INFO  [  restartedMain] rMethodMapping$MappingRegistry : Mapped "{[/farmer/home],methods=[GET]}" onto public org.springframework.web.servlet.ModelAndView com.yj.foodtracesystem.controller.FarmerController.home()
2018-07-27 10:37:38.407 - INFO  [  restartedMain] rMethodMapping$MappingRegistry : Mapped "{[/farmer/orderMan],methods=[GET]}" onto public org.springframework.web.servlet.ModelAndView com.yj.foodtracesystem.controller.FarmerController.orderMan() throws java.lang.Exception
2018-07-27 10:37:38.408 - INFO  [  restartedMain] rMethodMapping$MappingRegistry : Mapped "{[/ || /login],methods=[GET]}" onto public java.lang.String com.yj.foodtracesystem.controller.LoginController.login(org.springframework.ui.Model)
2018-07-27 10:37:38.408 - INFO  [  restartedMain] rMethodMapping$MappingRegistry : Mapped "{[/header],methods=[GET]}" onto public java.lang.String com.yj.foodtracesystem.controller.LoginController.toHeader()
2018-07-27 10:37:38.408 - INFO  [  restartedMain] rMethodMapping$MappingRegistry : Mapped "{[/403],methods=[GET]}" onto public java.lang.String com.yj.foodtracesystem.controller.LoginController.error403()
2018-07-27 10:37:38.409 - INFO  [  restartedMain] rMethodMapping$MappingRegistry : Mapped "{[/registration],methods=[GET]}" onto public org.springframework.web.servlet.ModelAndView com.yj.foodtracesystem.controller.LoginController.registration()
2018-07-27 10:37:38.409 - INFO  [  restartedMain] rMethodMapping$MappingRegistry : Mapped "{[/admin/home],methods=[GET]}" onto public org.springframework.web.servlet.ModelAndView com.yj.foodtracesystem.controller.LoginController.home()
2018-07-27 10:37:38.411 - INFO  [  restartedMain] rMethodMapping$MappingRegistry : Mapped "{[/repository/repositoryMan],methods=[GET]}" onto public org.springframework.web.servlet.ModelAndView com.yj.foodtracesystem.controller.RepositoryController.repositoryMan()
2018-07-27 10:37:38.411 - INFO  [  restartedMain] rMethodMapping$MappingRegistry : Mapped "{[/repository/addReposInfo],methods=[POST]}" onto public org.springframework.web.servlet.ModelAndView com.yj.foodtracesystem.controller.RepositoryController.addReposInfo(com.yj.foodtracesystem.model.RepositoryInfo)
2018-07-27 10:37:38.411 - INFO  [  restartedMain] rMethodMapping$MappingRegistry : Mapped "{[/repository/reposInfoById],methods=[POST]}" onto public org.springframework.web.servlet.ModelAndView com.yj.foodtracesystem.controller.RepositoryController.reposInfoById(com.yj.foodtracesystem.model.RepositoryInfo)
2018-07-27 10:37:38.412 - INFO  [  restartedMain] rMethodMapping$MappingRegistry : Mapped "{[/repository/reposInfoByTime],methods=[POST]}" onto public org.springframework.web.servlet.ModelAndView com.yj.foodtracesystem.controller.RepositoryController.reposInfoByTime(com.yj.foodtracesystem.model.TempModel.QueryPara)
2018-07-27 10:37:38.412 - INFO  [  restartedMain] rMethodMapping$MappingRegistry : Mapped "{[/repository/repoTransMan],methods=[GET]}" onto public org.springframework.web.servlet.ModelAndView com.yj.foodtracesystem.controller.RepositoryController.repoTransMan()
2018-07-27 10:37:38.412 - INFO  [  restartedMain] rMethodMapping$MappingRegistry : Mapped "{[/repository/addTransInfo],methods=[POST]}" onto public org.springframework.web.servlet.ModelAndView com.yj.foodtracesystem.controller.RepositoryController.addTransInfo(com.yj.foodtracesystem.model.TransportInfo)
2018-07-27 10:37:38.412 - INFO  [  restartedMain] rMethodMapping$MappingRegistry : Mapped "{[/repository/transInfoById],methods=[POST]}" onto public org.springframework.web.servlet.ModelAndView com.yj.foodtracesystem.controller.RepositoryController.transInfoById(com.yj.foodtracesystem.model.TransportInfo)
2018-07-27 10:37:38.413 - INFO  [  restartedMain] rMethodMapping$MappingRegistry : Mapped "{[/repository/transInfoByTime],methods=[POST]}" onto public org.springframework.web.servlet.ModelAndView com.yj.foodtracesystem.controller.RepositoryController.transInfoByTime(com.yj.foodtracesystem.model.TempModel.QueryPara)
2018-07-27 10:37:38.413 - INFO  [  restartedMain] rMethodMapping$MappingRegistry : Mapped "{[/QRCodeRes],methods=[GET]}" onto public org.springframework.web.servlet.ModelAndView com.yj.foodtracesystem.controller.RequestQRCodeController.qRCoqdeRes(java.lang.String)
2018-07-27 10:37:38.417 - INFO  [  restartedMain] rMethodMapping$MappingRegistry : Mapped "{[/saleman/addSaleInfo],methods=[POST]}" onto public org.springframework.web.servlet.ModelAndView com.yj.foodtracesystem.controller.SaleController.addSaleInfo(com.yj.foodtracesystem.model.SaleInfo)
2018-07-27 10:37:38.418 - INFO  [  restartedMain] rMethodMapping$MappingRegistry : Mapped "{[/saleman/saleMan],methods=[GET]}" onto public org.springframework.web.servlet.ModelAndView com.yj.foodtracesystem.controller.SaleController.saleMan()
2018-07-27 10:37:38.418 - INFO  [  restartedMain] rMethodMapping$MappingRegistry : Mapped "{[/saleman/saleInfoById],methods=[POST]}" onto public org.springframework.web.servlet.ModelAndView com.yj.foodtracesystem.controller.SaleController.saleInfoById(com.yj.foodtracesystem.model.SaleInfo)
2018-07-27 10:37:38.419 - INFO  [  restartedMain] rMethodMapping$MappingRegistry : Mapped "{[/saleman/saleInfoByTime],methods=[POST]}" onto public org.springframework.web.servlet.ModelAndView com.yj.foodtracesystem.controller.SaleController.saleInfoByTime(com.yj.foodtracesystem.model.TempModel.QueryPara)
2018-07-27 10:37:38.419 - INFO  [  restartedMain] rMethodMapping$MappingRegistry : Mapped "{[/saleman/verifyPro],methods=[GET]}" onto public org.springframework.web.servlet.ModelAndView com.yj.foodtracesystem.controller.SaleController.verifyProWeight()
2018-07-27 10:37:38.419 - INFO  [  restartedMain] rMethodMapping$MappingRegistry : Mapped "{[/saleman/verifyProWeightById],methods=[POST]}" onto public org.springframework.web.servlet.ModelAndView com.yj.foodtracesystem.controller.SaleController.verifyProWeightById(com.yj.foodtracesystem.model.SaleInfo)
2018-07-27 10:37:38.421 - INFO  [  restartedMain] rMethodMapping$MappingRegistry : Mapped "{[/transporter/addTransInfo],methods=[POST]}" onto public org.springframework.web.servlet.ModelAndView com.yj.foodtracesystem.controller.TransController.addTransInfo(com.yj.foodtracesystem.model.TransportInfo)
2018-07-27 10:37:38.422 - INFO  [  restartedMain] rMethodMapping$MappingRegistry : Mapped "{[/transporter/transInfoById],methods=[POST]}" onto public org.springframework.web.servlet.ModelAndView com.yj.foodtracesystem.controller.TransController.transInfoById(com.yj.foodtracesystem.model.TransportInfo)
2018-07-27 10:37:38.422 - INFO  [  restartedMain] rMethodMapping$MappingRegistry : Mapped "{[/transporter/transInfoByTime],methods=[POST]}" onto public org.springframework.web.servlet.ModelAndView com.yj.foodtracesystem.controller.TransController.transInfoByTime(com.yj.foodtracesystem.model.TempModel.QueryPara)
2018-07-27 10:37:38.423 - INFO  [  restartedMain] rMethodMapping$MappingRegistry : Mapped "{[/transporter/transMan],methods=[GET]}" onto public org.springframework.web.servlet.ModelAndView com.yj.foodtracesystem.controller.TransController.transMan()
2018-07-27 10:37:38.423 - INFO  [  restartedMain] rMethodMapping$MappingRegistry : Mapped "{[/transadmin/transStationMan],methods=[GET]}" onto public org.springframework.web.servlet.ModelAndView com.yj.foodtracesystem.controller.TransController.transStationMan()
2018-07-27 10:37:38.423 - INFO  [  restartedMain] rMethodMapping$MappingRegistry : Mapped "{[/transadmin/addTransStationInfo],methods=[POST]}" onto public org.springframework.web.servlet.ModelAndView com.yj.foodtracesystem.controller.TransController.addTransStationInfo(com.yj.foodtracesystem.model.TransStationInfo)
2018-07-27 10:37:38.423 - INFO  [  restartedMain] rMethodMapping$MappingRegistry : Mapped "{[/transadmin/transStationInfoById],methods=[POST]}" onto public org.springframework.web.servlet.ModelAndView com.yj.foodtracesystem.controller.TransController.transStationInfoById(com.yj.foodtracesystem.model.TransStationInfo)
2018-07-27 10:37:38.424 - INFO  [  restartedMain] rMethodMapping$MappingRegistry : Mapped "{[/transadmin/transStationInfoByTime],methods=[POST]}" onto public org.springframework.web.servlet.ModelAndView com.yj.foodtracesystem.controller.TransController.transStationInfoByTime(com.yj.foodtracesystem.model.TempModel.QueryPara)
2018-07-27 10:37:38.424 - INFO  [  restartedMain] rMethodMapping$MappingRegistry : Mapped "{[/transadmin/transUpdate],methods=[GET]}" onto public org.springframework.web.servlet.ModelAndView com.yj.foodtracesystem.controller.TransController.transUpdate()
2018-07-27 10:37:38.424 - INFO  [  restartedMain] rMethodMapping$MappingRegistry : Mapped "{[/transadmin/upTransInfo],methods=[POST]}" onto public org.springframework.web.servlet.ModelAndView com.yj.foodtracesystem.controller.TransController.upTransInfo(com.yj.foodtracesystem.model.TransportInfo)
2018-07-27 10:37:38.429 - INFO  [  restartedMain] rMethodMapping$MappingRegistry : Mapped "{[/test],methods=[GET]}" onto public java.lang.String com.yj.foodtracesystem.controllerApi.ReturnRes.test()
2018-07-27 10:37:38.430 - INFO  [  restartedMain] rMethodMapping$MappingRegistry : Mapped "{[/test/{id}],methods=[GET]}" onto public java.lang.String com.yj.foodtracesystem.controllerApi.ReturnRes.getOne(int)
2018-07-27 10:37:38.430 - INFO  [  restartedMain] rMethodMapping$MappingRegistry : Mapped "{[/test],methods=[POST]}" onto public java.lang.String com.yj.foodtracesystem.controllerApi.ReturnRes.addPro(com.yj.foodtracesystem.model.TempModel.ProductPara)
2018-07-27 10:37:38.431 - INFO  [  restartedMain] rMethodMapping$MappingRegistry : Mapped "{[/test/{id}],methods=[PUT]}" onto public java.lang.String com.yj.foodtracesystem.controllerApi.ReturnRes.upPro(int,com.yj.foodtracesystem.model.TempModel.ProductPara,org.springframework.validation.BindingResult)
2018-07-27 10:37:38.431 - INFO  [  restartedMain] rMethodMapping$MappingRegistry : Mapped "{[/test/{id}],methods=[PATCH]}" onto public java.lang.String com.yj.foodtracesystem.controllerApi.ReturnRes.upPartPro(int,com.yj.foodtracesystem.model.TempModel.ProductPara)
2018-07-27 10:37:38.431 - INFO  [  restartedMain] rMethodMapping$MappingRegistry : Mapped "{[/test/{id}],methods=[DELETE]}" onto public java.lang.String com.yj.foodtracesystem.controllerApi.ReturnRes.delPro(int,com.yj.foodtracesystem.model.TempModel.ProductPara)
2018-07-27 10:37:38.434 - INFO  [  restartedMain] rMethodMapping$MappingRegistry : Mapped "{[/error]}" onto public org.springframework.http.ResponseEntity<java.util.Map<java.lang.String, java.lang.Object>> org.springframework.boot.autoconfigure.web.servlet.error.BasicErrorController.error(javax.servlet.http.HttpServletRequest)
2018-07-27 10:37:38.435 - INFO  [  restartedMain] rMethodMapping$MappingRegistry : Mapped "{[/error],produces=[text/html]}" onto public org.springframework.web.servlet.ModelAndView org.springframework.boot.autoconfigure.web.servlet.error.BasicErrorController.errorHtml(javax.servlet.http.HttpServletRequest,javax.servlet.http.HttpServletResponse)
2018-07-27 10:37:38.462 - INFO  [  restartedMain] .s.h.AbstractUrlHandlerMapping : Mapped URL path [/webjars/**] onto handler of type [class org.springframework.web.servlet.resource.ResourceHttpRequestHandler]
2018-07-27 10:37:38.463 - INFO  [  restartedMain] .s.h.AbstractUrlHandlerMapping : Mapped URL path [/**] onto handler of type [class org.springframework.web.servlet.resource.ResourceHttpRequestHandler]
2018-07-27 10:37:38.520 - WARN  [  restartedMain] o.t.t.TemplateMode             : [THYMELEAF][restartedMain] Template Mode 'LEGACYHTML5' is deprecated. Using Template Mode 'HTML' instead.
2018-07-27 10:37:38.702 - INFO  [  restartedMain] etailsServiceAutoConfiguration : 

Using generated security password: b58626c6-68c3-4dcf-8d51-52c4c874d0d5

2018-07-27 10:37:38.817 - INFO  [  restartedMain] b.d.a.OptionalLiveReloadServer : LiveReload server is running on port 35729
2018-07-27 10:37:38.854 - INFO  [  restartedMain] o.s.j.e.MBeanExporter          : Registering beans for JMX exposure on startup
2018-07-27 10:37:38.856 - INFO  [  restartedMain] o.s.j.e.MBeanExporter          : Bean with name 'dataSource' has been autodetected for JMX exposure
2018-07-27 10:37:38.861 - INFO  [  restartedMain] o.s.j.e.MBeanExporter          : Located MBean 'dataSource': registering with JMX server as MBean [com.zaxxer.hikari:name=dataSource,type=HikariDataSource]
2018-07-27 10:37:38.873 - INFO  [  restartedMain] o.a.j.l.DirectJDKLog           : Starting ProtocolHandler ["http-nio-8081"]
2018-07-27 10:37:38.900 - INFO  [  restartedMain] o.a.j.l.DirectJDKLog           : Using a shared selector for servlet write/read
2018-07-27 10:37:38.914 - INFO  [  restartedMain] o.s.b.w.e.t.TomcatWebServer    : Tomcat started on port(s): 8081 (http) with context path ''
2018-07-27 10:37:38.918 - INFO  [  restartedMain] o.s.b.StartupInfoLogger        : Started FoodtracesystemApplication in 6.191 seconds (JVM running for 7.186)
2018-07-27 10:37:54.176 - INFO  [nio-8081-exec-1] o.a.j.l.DirectJDKLog           : Initializing Spring FrameworkServlet 'dispatcherServlet'
2018-07-27 10:37:54.176 - INFO  [nio-8081-exec-1] o.s.w.s.FrameworkServlet       : FrameworkServlet 'dispatcherServlet': initialization started
2018-07-27 10:37:54.200 - INFO  [nio-8081-exec-1] o.s.w.s.FrameworkServlet       : FrameworkServlet 'dispatcherServlet': initialization completed in 23 ms
2018-07-27 10:37:54.242 - INFO  [nio-8081-exec-1] c.y.f.c.ReturnRes              : now starting serverinfo
2018-07-27 10:37:54.242 - WARN  [nio-8081-exec-1] c.y.f.c.ReturnRes              : now starting serverwarn
2018-07-27 10:37:54.243 - INFO  [nio-8081-exec-1] c.y.f.c.ReturnRes              : now {}hahainfo
2018-07-27 10:37:54.243 - WARN  [nio-8081-exec-1] c.y.f.c.ReturnRes              : now {}hahawarn
2018-07-27 10:39:30.755 - INFO  [       Thread-9] c.s.AbstractApplicationContext : Closing org.springframework.boot.web.servlet.context.AnnotationConfigServletWebServerApplicationContext@7406f88c: startup date [Fri Jul 27 10:37:33 CST 2018]; root of context hierarchy
2018-07-27 10:39:30.763 - INFO  [       Thread-9] o.s.j.e.MBeanExporter          : Unregistering JMX-exposed beans on shutdown
2018-07-27 10:39:30.776 - INFO  [       Thread-9] s.j.s.MBeanRegistrationSupport : Unregistering JMX-exposed beans
2018-07-27 10:39:30.795 - INFO  [       Thread-9] stractEntityManagerFactoryBean : Closing JPA EntityManagerFactory for persistence unit 'default'
2018-07-27 10:39:30.797 - INFO  [       Thread-9] c.z.h.HikariDataSource         : HikariPool-1 - Shutdown initiated...
2018-07-27 10:39:30.801 - INFO  [       Thread-9] c.z.h.HikariDataSource         : HikariPool-1 - Shutdown completed.
